<?xml version="1.0" encoding="UTF-8" ?>
<testsuite tests="51" failures="0" name="edu.yu.cs.com1320.project.stage5.impl.DocumentStoreImplTest" time="2.639" errors="0" skipped="0">
  <properties>
[...]
</properties>
  <testcase classname="edu.yu.cs.com1320.project.stage5.impl.DocumentStoreImplTest" name="stage3DeleteAllWithPrefix" time="0.138"/>
  <testcase classname="edu.yu.cs.com1320.project.stage5.impl.DocumentStoreImplTest" name="stage3SearchPDFs" time="0.027"/>
  <testcase classname="edu.yu.cs.com1320.project.stage5.impl.DocumentStoreImplTest" name="stage5TestSearchByKeyword" time="0.158"/>
  <testcase classname="edu.yu.cs.com1320.project.stage5.impl.DocumentStoreImplTest" name="stage4TestUpdateDocLastUseTimeOnSearchPDFs" time="0.018"/>
  <testcase classname="edu.yu.cs.com1320.project.stage5.impl.DocumentStoreImplTest" name="stage4TestUpdateDocLastUseTimeOnSearch" time="0.013"/>
  <testcase classname="edu.yu.cs.com1320.project.stage5.impl.DocumentStoreImplTest" name="stage5TestDeleteAllByKeyword" time="0.076"/>
  <testcase classname="edu.yu.cs.com1320.project.stage5.impl.DocumentStoreImplTest" name="stage5Search" time="0.154"/>
  <testcase classname="edu.yu.cs.com1320.project.stage5.impl.DocumentStoreImplTest" name="stage3SearchByPrefix" time="0.049"/>
  <testcase classname="edu.yu.cs.com1320.project.stage5.impl.DocumentStoreImplTest" name="stage4TestMaxDocBytesViaSearch" time="0.06"/>
  <testcase classname="edu.yu.cs.com1320.project.stage5.impl.DocumentStoreImplTest" name="testPutPdfDocumentNoPreviousDocAtURI" time="0.019"/>
  <testcase classname="edu.yu.cs.com1320.project.stage5.impl.DocumentStoreImplTest" name="stage4TestMaxDocCountViaPut" time="0.083"/>
  <testcase classname="edu.yu.cs.com1320.project.stage5.impl.DocumentStoreImplTest" name="stage5SearchPDFs" time="0.043"/>
  <testcase classname="edu.yu.cs.com1320.project.stage5.impl.DocumentStoreImplTest" name="stage4TestMaxDocsWhenDoubleMaxViaPut" time="0.034"/>
  <testcase classname="edu.yu.cs.com1320.project.stage5.impl.DocumentStoreImplTest" name="stage3TestSearchByKeyword" time="0.029"/>
  <testcase classname="edu.yu.cs.com1320.project.stage5.impl.DocumentStoreImplTest" name="stage5TestSearchByPrefix" time="0.042"/>
  <testcase classname="edu.yu.cs.com1320.project.stage5.impl.DocumentStoreImplTest" name="stage4TestNoUpdateDocLastUseTimeOnProtectedGet" time="0.011"/>
  <testcase classname="edu.yu.cs.com1320.project.stage5.impl.DocumentStoreImplTest" name="stage5SearchPDFsByPrefix" time="0.079"/>
  <testcase classname="edu.yu.cs.com1320.project.stage5.impl.DocumentStoreImplTest" name="stage4TestUpdateDocLastUseTimeOnSearchByPrefix" time="0.012"/>
  <testcase classname="edu.yu.cs.com1320.project.stage5.impl.DocumentStoreImplTest" name="stage5DeleteAll" time="0.033"/>
  <testcase classname="edu.yu.cs.com1320.project.stage5.impl.DocumentStoreImplTest" name="stage4TestMaxBytesWhenDoubleMaxViaPut" time="0.03"/>
  <testcase classname="edu.yu.cs.com1320.project.stage5.impl.DocumentStoreImplTest" name="testPutNewVersionOfDocumentPdf" time="0.025"/>
  <testcase classname="edu.yu.cs.com1320.project.stage5.impl.DocumentStoreImplTest" name="testPutNewVersionOfDocumentTxt" time="0.145"/>
  <testcase classname="edu.yu.cs.com1320.project.stage5.impl.DocumentStoreImplTest" name="testGetTxtDocAsPdf" time="0.008"/>
  <testcase classname="edu.yu.cs.com1320.project.stage5.impl.DocumentStoreImplTest" name="testGetTxtDocAsTxt" time="0.005"/>
  <testcase classname="edu.yu.cs.com1320.project.stage5.impl.DocumentStoreImplTest" name="stage4TestUpdateDocLastUseTimeOnSearchPDFsByPrefix" time="0.008"/>
  <testcase classname="edu.yu.cs.com1320.project.stage5.impl.DocumentStoreImplTest" name="stage5TestReturnToMemoryWithGetPdf" time="0.045"/>
  <testcase classname="edu.yu.cs.com1320.project.stage5.impl.DocumentStoreImplTest" name="stage3DeleteAll" time="0.008"/>
  <testcase classname="edu.yu.cs.com1320.project.stage5.impl.DocumentStoreImplTest" name="stage4TestUndoAfterMaxBytes" time="0.11"/>
  <testcase classname="edu.yu.cs.com1320.project.stage5.impl.DocumentStoreImplTest" name="stage4TestUpdateDocLastUseTimeOnPut" time="0.03"/>
  <testcase classname="edu.yu.cs.com1320.project.stage5.impl.DocumentStoreImplTest" name="stage3TestDeleteAllByKeyword" time="0.082"/>
  <testcase classname="edu.yu.cs.com1320.project.stage5.impl.DocumentStoreImplTest" name="stage4TestUndoAfterMaxDocCount" time="0.104"/>
  <testcase classname="edu.yu.cs.com1320.project.stage5.impl.DocumentStoreImplTest" name="testDeleteDoc" time="0.034"/>
  <testcase classname="edu.yu.cs.com1320.project.stage5.impl.DocumentStoreImplTest" name="testDeleteDocReturnValue" time="0.021"/>
  <testcase classname="edu.yu.cs.com1320.project.stage5.impl.DocumentStoreImplTest" name="testDeleteDirectories" time="0.047"/>
  <testcase classname="edu.yu.cs.com1320.project.stage5.impl.DocumentStoreImplTest" name="stage3TestSearchByPrefix" time="0.064"/>
  <testcase classname="edu.yu.cs.com1320.project.stage5.impl.DocumentStoreImplTest" name="stage3SearchPDFsByPrefix" time="0.016"/>
  <testcase classname="edu.yu.cs.com1320.project.stage5.impl.DocumentStoreImplTest" name="stage4TestUpdateDocLastUseTimeOnOverwrite" time="0.012"/>
  <testcase classname="edu.yu.cs.com1320.project.stage5.impl.DocumentStoreImplTest" name="stage3Search" time="0.009"/>
  <testcase classname="edu.yu.cs.com1320.project.stage5.impl.DocumentStoreImplTest" name="stage4TestMaxDocBytesViaPut" time="0.039"/>
  <testcase classname="edu.yu.cs.com1320.project.stage5.impl.DocumentStoreImplTest" name="testDeserializedWordMapNewBaseDir" time="0.039"/>
  <testcase classname="edu.yu.cs.com1320.project.stage5.impl.DocumentStoreImplTest" name="testPutTxtDocumentNoPreviousDocAtURI" time="0.013"/>
  <testcase classname="edu.yu.cs.com1320.project.stage5.impl.DocumentStoreImplTest" name="testDeserializedWordMap" time="0.029"/>
  <testcase classname="edu.yu.cs.com1320.project.stage5.impl.DocumentStoreImplTest" name="stage5DeleteAllWithPrefix" time="0.085"/>
  <testcase classname="edu.yu.cs.com1320.project.stage5.impl.DocumentStoreImplTest" name="stage5SearchByPrefix" time="0.063"/>
  <testcase classname="edu.yu.cs.com1320.project.stage5.impl.DocumentStoreImplTest" name="testGetPdfDocAsPdf" time="0.023"/>
  <testcase classname="edu.yu.cs.com1320.project.stage5.impl.DocumentStoreImplTest" name="testGetPdfDocAsTxt" time="0.012"/>
  <testcase classname="edu.yu.cs.com1320.project.stage5.impl.DocumentStoreImplTest" name="stage3TestDeleteAllByPrefix" time="0.053"/>
  <testcase classname="edu.yu.cs.com1320.project.stage5.impl.DocumentStoreImplTest" name="stage5TestDeleteAllByPrefix" time="0.08"/>
  <testcase classname="edu.yu.cs.com1320.project.stage5.impl.DocumentStoreImplTest" name="testPutDocumentWithNullArguments" time="0.005"/>
  <testcase classname="edu.yu.cs.com1320.project.stage5.impl.DocumentStoreImplTest" name="stage4TestMaxDocCountViaSearch" time="0.246"/>
  <testcase classname="edu.yu.cs.com1320.project.stage5.impl.DocumentStoreImplTest" name="stage5TestReturnToMemoryWithGetText" time="0.071"/>
</testsuite>